proguard.cfg
#
# Proguard config for the demo project.
#

# Standard config from ADT

-optimizationpasses 5
-dontusemixedcaseclassnames
-dontskipnonpubliclibraryclasses
-dontpreverify
-verbose
-optimizations !code/simplification/arithmetic,!field/*,!class/merging/*
-ignorewarnings

-libraryjars libs/AMap3DMap_3.3.2_AMapNavi_1.8.0_AMapSearch_3.2.1_AMapLocation_2.5.0_20160526.jar
-libraryjars libs/android-async-http-1.4.8.jar
-libraryjars libs/Msc.jar
-libraryjars libs/greendao-1.3.0-beta-1.jar
-libraryjars libs/gson-2.0.jar
-libraryjars libs/happy-dns-0.2.5.jar
-libraryjars libs/MobCommons.jar
-libraryjars libs/MobTools.jar
-libraryjars libs/mta-sdk-1.6.2.jar
-libraryjars libs/open_sdk_r5509.jar

-keep public class * extends android.app.Activity
-keep public class * extends android.app.Application
-keep public class * extends android.app.Service
-keep public class * extends android.content.BroadcastReceiver
-keep public class * extends android.content.ContentProvider
-keep public class * extends android.app.backup.BackupAgentHelper
-keep public class * extends android.preference.Preference
-keep public class com.android.vending.licensing.ILicensingService

-keepclasseswithmembernames class * {
    native <methods>;
}

-keepclasseswithmembers class * {
    public <init>(android.content.Context, android.util.AttributeSet);
}

-keepclasseswithmembers class * {
    public <init>(android.content.Context, android.util.AttributeSet, int);
}

-keepclassmembers class * extends android.app.Activity {
   public void *(android.view.View);
}

-keepclassmembers enum * {
    public static **[] values();
    public static ** valueOf(java.lang.String);
}

-keep class * implements android.os.Parcelable {
  public static final android.os.Parcelable$Creator *;
}

# As described in tools/proguard/examples/android.pro - ignore all warnings.
-dontwarn android.support.v4.**
#如果有其它包有warning，在报出warning的包加入下面类似的-dontwarn 报名
-dontwarn com.amap.api.**
-dontwarn com.aps.**
#高德相关混淆文件
#3D 地图
-keep class com.amap.api.maps.**{*;} 
-keep class com.autonavi.amap.mapcore.*{*;}
#2D地图
-keep class com.amap.api.maps2d.**{*;}
-keep class com.amap.api.mapcore2d.**{*;}
#Location
-keep   class com.amap.api.location.**{*;} 
-keep   class com.aps.**{*;} 
#Service
-keep class com.amap.api.services.**{*;}
#导航
-keep class com.amap.api.navi.**{*;}
-keep class com.autonavi.**{*;}
#讯飞语音
-keep class com.iflytek.**{*;}