proguard/seeds.txt
com.aps.be
com.aps.be: java.util.List a
com.aps.be: android.location.Location b
com.aps.be: be(com.aps.ba)
com.aps.bf
com.aps.bf: boolean a
com.aps.bf: java.lang.String[] b
com.aps.bf: boolean a(java.lang.String[],java.lang.String)
com.aps.bf: void <clinit>()
com.aps.bg
com.aps.bg: java.io.RandomAccessFile a
com.aps.bg: com.aps.aj b
com.aps.bg: java.io.File c
com.aps.bg: bg(com.aps.aj)
com.aps.bg: com.aps.ai a(int)
com.aps.bg: java.util.BitSet b()
com.aps.bg: java.util.ArrayList a(int,int)
com.aps.bg: byte a(byte[])
com.aps.bg: int a(java.util.BitSet)
com.aps.bg: int a(int,int,int)
com.aps.bg: int a()
com.aps.bg: void a(com.aps.ai)
com.aps.bh
com.aps.bh: java.io.RandomAccessFile a
com.aps.bh: com.aps.aj b
com.aps.bh: java.lang.String c
com.aps.bh: java.io.File d
com.aps.bh: bh(com.aps.aj)
com.aps.bh: void a(long,byte[])
com.aps.bi
com.aps.bi: java.lang.String a
com.aps.bi: boolean a(android.content.Context)
com.aps.bi: void a(java.lang.String)
com.aps.bi: void <clinit>()
com.aps.c
com.aps.c: java.lang.String a
com.aps.c: double b
com.aps.c: double c
com.aps.c: float d
com.aps.c: float e
com.aps.c: float f
com.aps.c: long g
com.aps.c: com.amap.api.location.core.AMapLocException h
com.aps.c: java.lang.String i
com.aps.c: java.lang.String j
com.aps.c: java.lang.String k
com.aps.c: java.lang.String l
com.aps.c: java.lang.String m
com.aps.c: java.lang.String n
com.aps.c: java.lang.String o
com.aps.c: java.lang.String p
com.aps.c: java.lang.String q
com.aps.c: java.lang.String r
com.aps.c: java.lang.String s
com.aps.c: java.lang.String t
com.aps.c: java.lang.String u
com.aps.c: int v
com.aps.c: java.lang.String w
com.aps.c: java.lang.String x
com.aps.c: org.json.JSONObject y
com.aps.c: com.amap.api.location.core.AMapLocException a()
com.aps.c: void a(com.amap.api.location.core.AMapLocException)
com.aps.c: java.lang.String b()
com.aps.c: void a(java.lang.String)
com.aps.c: java.lang.String c()
com.aps.c: void b(java.lang.String)
com.aps.c: java.lang.String d()
com.aps.c: void c(java.lang.String)
com.aps.c: int e()
com.aps.c: void d(java.lang.String)
com.aps.c: void e(java.lang.String)
com.aps.c: c()
com.aps.c: c(org.json.JSONObject)
com.aps.c: java.lang.String f()
com.aps.c: void f(java.lang.String)
com.aps.c: double g()
com.aps.c: void a(double)
com.aps.c: double h()
com.aps.c: void b(double)
com.aps.c: float i()
com.aps.c: void a(float)
com.aps.c: void b(float)
com.aps.c: long j()
com.aps.c: void a(long)
com.aps.c: java.lang.String k()
com.aps.d
com.aps.d: java.util.LinkedHashMap b
com.aps.d: com.aps.r c
com.aps.d: long d
com.aps.d: java.lang.String a
com.aps.d: d(android.content.Context)
com.aps.d: java.io.File a(android.content.Context)
com.aps.d: void a(java.io.File)
com.aps.d: void a(java.lang.String,com.aps.c,java.lang.StringBuilder)
com.aps.d: com.aps.c a(java.lang.String,java.lang.StringBuilder,java.lang.String)
com.aps.d: boolean a(java.lang.String,com.aps.c)
com.aps.d: void a()
com.aps.d: void b()
com.aps.d: com.aps.d$a a(java.lang.String,java.lang.StringBuilder,java.lang.String,java.lang.String)
com.aps.d: boolean a(java.lang.String,java.lang.String)
com.aps.d: boolean a(java.lang.String,java.lang.StringBuilder)
com.aps.d: void a(java.lang.String,java.util.Hashtable)
com.aps.d: double a(double[],double[])
com.aps.d$a
com.aps.d$a: com.aps.c a
com.aps.d$a: java.lang.String b
com.aps.d$a: d$a()
com.aps.d$a: com.aps.c a()
com.aps.d$a: void a(com.aps.c)
com.aps.d$a: java.lang.String b()
com.aps.d$a: void a(java.lang.String)
com.aps.e
com.aps.e: java.lang.String a
com.aps.e: java.lang.String b
com.aps.e: int c
com.aps.e: int d
com.aps.e: int e
com.aps.e: int f
com.aps.e: int g
com.aps.e: int h
com.aps.e: int i
com.aps.e: int j
com.aps.e: e()