proguard/mapping.txt
android.support.v4.view.ViewConfigurationCompat$BaseViewConfigurationVersionImpl -> android.support.v4.view.bk:
    int getScaledPagingTouchSlop(android.view.ViewConfiguration) -> a
android.support.v4.view.ViewConfigurationCompat$FroyoViewConfigurationVersionImpl -> android.support.v4.view.bl:
    int getScaledPagingTouchSlop(android.view.ViewConfiguration) -> a
android.support.v4.view.ViewConfigurationCompat$ViewConfigurationVersionImpl -> android.support.v4.view.bm:
    int getScaledPagingTouchSlop(android.view.ViewConfiguration) -> a
android.support.v4.view.ViewConfigurationCompatFroyo -> android.support.v4.view.bn:
    int getScaledPagingTouchSlop(android.view.ViewConfiguration) -> a
android.support.v4.view.ViewGroupCompat -> android.support.v4.view.bo:
    android.support.v4.view.ViewGroupCompat$ViewGroupCompatImpl IMPL -> a
    void setMotionEventSplittingEnabled(android.view.ViewGroup,boolean) -> a
android.support.v4.view.ViewGroupCompat$ViewGroupCompatHCImpl -> android.support.v4.view.bp:
    void setMotionEventSplittingEnabled(android.view.ViewGroup,boolean) -> a
android.support.v4.view.ViewGroupCompat$ViewGroupCompatIcsImpl -> android.support.v4.view.bq:
android.support.v4.view.ViewGroupCompat$ViewGroupCompatImpl -> android.support.v4.view.br:
    void setMotionEventSplittingEnabled(android.view.ViewGroup,boolean) -> a
android.support.v4.view.ViewGroupCompat$ViewGroupCompatJellybeanMR2Impl -> android.support.v4.view.bs:
android.support.v4.view.ViewGroupCompat$ViewGroupCompatStubImpl -> android.support.v4.view.bt:
    void setMotionEventSplittingEnabled(android.view.ViewGroup,boolean) -> a
android.support.v4.view.ViewGroupCompatHC -> android.support.v4.view.bu:
    void setMotionEventSplittingEnabled(android.view.ViewGroup,boolean) -> a
android.support.v4.view.ViewPager -> android.support.v4.view.ViewPager:
    int[] LAYOUT_ATTRS -> a
    int mExpectedAdapterCount -> b
    java.util.Comparator COMPARATOR -> c
    android.view.animation.Interpolator sInterpolator -> d
    java.util.ArrayList mItems -> e
    android.support.v4.view.ViewPager$ItemInfo mTempItem -> f
    android.graphics.Rect mTempRect -> g
    android.support.v4.view.PagerAdapter mAdapter -> h
    int mCurItem -> i
    int mRestoredCurItem -> j
    android.os.Parcelable mRestoredAdapterState -> k
    java.lang.ClassLoader mRestoredClassLoader -> l
    android.widget.Scroller mScroller -> m
    android.support.v4.view.ViewPager$PagerObserver mObserver -> n
    int mPageMargin -> o
    android.graphics.drawable.Drawable mMarginDrawable -> p
    int mTopPageBounds -> q
    int mBottomPageBounds -> r
    float mFirstOffset -> s
    float mLastOffset -> t
    int mChildWidthMeasureSpec -> u
    int mChildHeightMeasureSpec -> v
    boolean mInLayout -> w
    boolean mScrollingCacheEnabled -> x
    boolean mPopulatePending -> y
    int mOffscreenPageLimit -> z
    boolean mIsBeingDragged -> A
    boolean mIsUnableToDrag -> B
    int mDefaultGutterSize -> C
    int mGutterSize -> D
    int mTouchSlop -> E
    float mLastMotionX -> F
    float mLastMotionY -> G
    float mInitialMotionX -> H
    float mInitialMotionY -> I
    int mActivePointerId -> J
    android.view.VelocityTracker mVelocityTracker -> K
    int mMinimumVelocity -> L
android.support.v4.view.ViewPager$1 -> android.support.v4.view.bv:
    int compare(android.support.v4.view.ViewPager$ItemInfo,android.support.v4.view.ViewPager$ItemInfo) -> a
    int compare(java.lang.Object,java.lang.Object) -> compare
android.support.v4.view.ViewPager$2 -> android.support.v4.view.bw:
    float getInterpolation(float) -> getInterpolation
android.support.v4.view.ViewPager$3 -> android.support.v4.view.bx:
    android.support.v4.view.ViewPager this$0 -> a
    void run() -> run
android.support.v4.view.ViewPager$Decor -> android.support.v4.view.by: